This is pdfTeX, Version 3.14159265-2.6-1.40.16 (TeX Live 2015/Debian) (preloaded format=pdflatex 2016.5.22)  10 JUN 2016 10:00
entering extended mode
 restricted \write18 enabled.
 %&-line parsing enabled.
**relatorio.tex
(./relatorio.tex
LaTeX2e <2016/02/01>
Babel <3.9q> and hyphenation patterns for 4 language(s) loaded.
(/usr/share/texlive/texmf-dist/tex/latex/base/article.cls
Document Class: article 2014/09/29 v1.4h Standard LaTeX document class
(/usr/share/texlive/texmf-dist/tex/latex/base/size10.clo
File: size10.clo 2014/09/29 v1.4h Standard LaTeX file (size option)
)
\c@part=\count79
\c@section=\count80
\c@subsection=\count81
\c@subsubsection=\count82
\c@paragraph=\count83
\c@subparagraph=\count84
\c@figure=\count85
\c@table=\count86
\abovecaptionskip=\skip41
\belowcaptionskip=\skip42
\bibindent=\dimen102
)
(/usr/share/texlive/texmf-dist/tex/latex/base/fontenc.sty
Package: fontenc 2005/09/27 v1.99g Standard LaTeX package

(/usr/share/texlive/texmf-dist/tex/latex/base/t1enc.def
File: t1enc.def 2005/09/27 v1.99g Standard LaTeX file
LaTeX Font Info:    Redeclaring font encoding T1 on input line 48.
))
(/usr/share/texlive/texmf-dist/tex/latex/base/inputenc.sty
Package: inputenc 2015/03/17 v1.2c Input encoding file
\inpenc@prehook=\toks14
\inpenc@posthook=\toks15

(/usr/share/texlive/texmf-dist/tex/latex/base/utf8.def
File: utf8.def 2015/12/03 v1.1r UTF-8 support for inputenc
Now handling font encoding OML ...
... no UTF-8 mapping file for font encoding OML
Now handling font encoding T1 ...
... processing UTF-8 mapping file for font encoding T1

(/usr/share/texlive/texmf-dist/tex/latex/base/t1enc.dfu
File: t1enc.dfu 2015/12/03 v1.1r UTF-8 support for inputenc
   defining Unicode char U+00A0 (decimal 160)
   defining Unicode char U+00A1 (decimal 161)
   defining Unicode char U+00A3 (decimal 163)
   defining Unicode char U+00AB (decimal 171)
   defining Unicode char U+00AD (decimal 173)
   defining Unicode char U+00BB (decimal 187)
   defining Unicode char U+00BF (decimal 191)
   defining Unicode char U+00C0 (decimal 192)
   defining Unicode char U+00C1 (decimal 193)
   defining Unicode char U+00C2 (decimal 194)
   defining Unicode char U+00C3 (decimal 195)
   defining Unicode char U+00C4 (decimal 196)
   defining Unicode char U+00C5 (decimal 197)
   defining Unicode char U+00C6 (decimal 198)
   defining Unicode char U+00C7 (decimal 199)
   defining Unicode char U+00C8 (decimal 200)
   defining Unicode char U+00C9 (decimal 201)
   defining Unicode char U+00CA (decimal 202)
   defining Unicode char U+00CB (decimal 203)
   defining Unicode char U+00CC (decimal 204)
   defining Unicode char U+00CD (decimal 205)
   defining Unicode char U+00CE (decimal 206)
   defining Unicode char U+00CF (decimal 207)
   defining Unicode char U+00D0 (decimal 208)
   defining Unicode char U+00D1 (decimal 209)
   defining Unicode char U+00D2 (decimal 210)
   defining Unicode char U+00D3 (decimal 211)
   defining Unicode char U+00D4 (decimal 212)
   defining Unicode char U+00D5 (decimal 213)
   defining Unicode char U+00D6 (decimal 214)
   defining Unicode char U+00D8 (decimal 216)
   defining Unicode char U+00D9 (decimal 217)
   defining Unicode char U+00DA (decimal 218)
   defining Unicode char U+00DB (decimal 219)
   defining Unicode char U+00DC (decimal 220)
   defining Unicode char U+00DD (decimal 221)
   defining Unicode char U+00DE (decimal 222)
   defining Unicode char U+00DF (decimal 223)
   defining Unicode char U+00E0 (decimal 224)
   defining Unicode char U+00E1 (decimal 225)
   defining Unicode char U+00E2 (decimal 226)
   defining Unicode char U+00E3 (decimal 227)
   defining Unicode char U+00E4 (decimal 228)
   defining Unicode char U+00E5 (decimal 229)
   defining Unicode char U+00E6 (decimal 230)
   defining Unicode char U+00E7 (decimal 231)
   defining Unicode char U+00E8 (decimal 232)
   defining Unicode char U+00E9 (decimal 233)
   defining Unicode char U+00EA (decimal 234)
   defining Unicode char U+00EB (decimal 235)
   defining Unicode char U+00EC (decimal 236)
   defining Unicode char U+00ED (decimal 237)
   defining Unicode char U+00EE (decimal 238)
   defining Unicode char U+00EF (decimal 239)
   defining Unicode char U+00F0 (decimal 240)
   defining Unicode char U+00F1 (decimal 241)
   defining Unicode char U+00F2 (decimal 242)
   defining Unicode char U+00F3 (decimal 243)
   defining Unicode char U+00F4 (decimal 244)
   defining Unicode char U+00F5 (decimal 245)
   defining Unicode char U+00F6 (decimal 246)
   defining Unicode char U+00F8 (decimal 248)
   defining Unicode char U+00F9 (decimal 249)
   defining Unicode char U+00FA (decimal 250)
   defining Unicode char U+00FB (decimal 251)
   defining Unicode char U+00FC (decimal 252)
   defining Unicode char U+00FD (decimal 253)
   defining Unicode char U+00FE (decimal 254)
   defining Unicode char U+00FF (decimal 255)
   defining Unicode char U+0100 (decimal 256)
   defining Unicode char U+0101 (decimal 257)
   defining Unicode char U+0102 (decimal 258)
   defining Unicode char U+0103 (decimal 259)
   defining Unicode char U+0104 (decimal 260)
   defining Unicode char U+0105 (decimal 261)
   defining Unicode char U+0106 (decimal 262)
   defining Unicode char U+0107 (decimal 263)
   defining Unicode char U+0108 (decimal 264)
   defining Unicode char U+0109 (decimal 265)
   defining Unicode char U+010A (decimal 266)
   defining Unicode char U+010B (decimal 267)
   defining Unicode char U+010C (decimal 268)
   defining Unicode char U+010D (decimal 269)
   defining Unicode char U+010E (decimal 270)
   defining Unicode char U+010F (decimal 271)
   defining Unicode char U+0110 (decimal 272)
   defining Unicode char U+0111 (decimal 273)
   defining Unicode char U+0112 (decimal 274)
   defining Unicode char U+0113 (decimal 275)
   defining Unicode char U+0114 (decimal 276)
   defining Unicode char U+0115 (decimal 277)
   defining Unicode char U+0116 (decimal 278)
   defining Unicode char U+0117 (decimal 279)
   defining Unicode char U+0118 (decimal 280)
   defining Unicode char U+0119 (decimal 281)
   defining Unicode char U+011A (decimal 282)
   defining Unicode char U+011B (decimal 283)
   defining Unicode char U+011C (decimal 284)
   defining Unicode char U+011D (decimal 285)
   defining Unicode char U+011E (decimal 286)
   defining Unicode char U+011F (decimal 287)
   defining Unicode char U+0120 (decimal 288)
   defining Unicode char U+0121 (decimal 289)
   defining Unicode char U+0122 (decimal 290)
   defining Unicode char U+0123 (decimal 291)
   defining Unicode char U+0124 (decimal 292)
   defining Unicode char U+0125 (decimal 293)
   defining Unicode char U+0128 (decimal 296)
   defining Unicode char U+0129 (decimal 297)
   defining Unicode char U+012A (decimal 298)
   defining Unicode char U+012B (decimal 299)
   defining Unicode char U+012C (decimal 300)
   defining Unicode char U+012D (decimal 301)
   defining Unicode char U+012E (decimal 302)
   defining Unicode char U+012F (decimal 303)
   defining Unicode char U+0130 (decimal 304)
   defining Unicode char U+0131 (decimal 305)
   defining Unicode char U+0132 (decimal 306)
   defining Unicode char U+0133 (decimal 307)
   defining Unicode char U+0134 (decimal 308)
   defining Unicode char U+0135 (decimal 309)
   defining Unicode char U+0136 (decimal 310)
   defining Unicode char U+0137 (decimal 311)
   defining Unicode char U+0139 (decimal 313)
   defining Unicode char U+013A (decimal 314)
   defining Unicode char U+013B (decimal 315)
   defining Unicode char U+013C (decimal 316)
   defining Unicode char U+013D (decimal 317)
   defining Unicode char U+013E (decimal 318)
   defining Unicode char U+0141 (decimal 321)
   defining Unicode char U+0142 (decimal 322)
   defining Unicode char U+0143 (decimal 323)
   defining Unicode char U+0144 (decimal 324)
   defining Unicode char U+0145 (decimal 325)
   defining Unicode char U+0146 (decimal 326)
   defining Unicode char U+0147 (decimal 327)
   defining Unicode char U+0148 (decimal 328)
   defining Unicode char U+014A (decimal 330)
   defining Unicode char U+014B (decimal 331)
   defining Unicode char U+014C (decimal 332)
   defining Unicode char U+014D (decimal 333)
   defining Unicode char U+014E (decimal 334)
   defining Unicode char U+014F (decimal 335)
   defining Unicode char U+0150 (decimal 336)
   defining Unicode char U+0151 (decimal 337)
   defining Unicode char U+0152 (decimal 338)
   defining Unicode char U+0153 (decimal 339)
   defining Unicode char U+0154 (decimal 340)
   defining Unicode char U+0155 (decimal 341)
   defining Unicode char U+0156 (decimal 342)
   defining Unicode char U+0157 (decimal 343)
   defining Unicode char U+0158 (decimal 344)
   defining Unicode char U+0159 (decimal 345)
   defining Unicode char U+015A (decimal 346)
   defining Unicode char U+015B (decimal 347)
   defining Unicode char U+015C (decimal 348)
   defining Unicode char U+015D (decimal 349)
   defining Unicode char U+015E (decimal 350)
   defining Unicode char U+015F (decimal 351)
   defining Unicode char U+0160 (decimal 352)
   defining Unicode char U+0161 (decimal 353)
   defining Unicode char U+0162 (decimal 354)
   defining Unicode char U+0163 (decimal 355)
   defining Unicode char U+0164 (decimal 356)
   defining Unicode char U+0165 (decimal 357)
   defining Unicode char U+0168 (decimal 360)
   defining Unicode char U+0169 (decimal 361)
   defining Unicode char U+016A (decimal 362)
   defining Unicode char U+016B (decimal 363)
   defining Unicode char U+016C (decimal 364)
   defining Unicode char U+016D (decimal 365)
   defining Unicode char U+016E (decimal 366)
   defining Unicode char U+016F (decimal 367)
   defining Unicode char U+0170 (decimal 368)
   defining Unicode char U+0171 (decimal 369)
   defining Unicode char U+0172 (decimal 370)
   defining Unicode char U+0173 (decimal 371)
   defining Unicode char U+0174 (decimal 372)
   defining Unicode char U+0175 (decimal 373)
   defining Unicode char U+0176 (decimal 374)
   defining Unicode char U+0177 (decimal 375)
   defining Unicode char U+0178 (decimal 376)
   defining Unicode char U+0179 (decimal 377)
   defining Unicode char U+017A (decimal 378)
   defining Unicode char U+017B (decimal 379)
   defining Unicode char U+017C (decimal 380)
   defining Unicode char U+017D (decimal 381)
   defining Unicode char U+017E (decimal 382)
   defining Unicode char U+01CD (decimal 461)
   defining Unicode char U+01CE (decimal 462)
   defining Unicode char U+01CF (decimal 463)
   defining Unicode char U+01D0 (decimal 464)
   defining Unicode char U+01D1 (decimal 465)
   defining Unicode char U+01D2 (decimal 466)
   defining Unicode char U+01D3 (decimal 467)
   defining Unicode char U+01D4 (decimal 468)
   defining Unicode char U+01E2 (decimal 482)
   defining Unicode char U+01E3 (decimal 483)
   defining Unicode char U+01E6 (decimal 486)
   defining Unicode char U+01E7 (decimal 487)
   defining Unicode char U+01E8 (decimal 488)
   defining Unicode char U+01E9 (decimal 489)
   defining Unicode char U+01EA (decimal 490)
   defining Unicode char U+01EB (decimal 491)
   defining Unicode char U+01F0 (decimal 496)
   defining Unicode char U+01F4 (decimal 500)
   defining Unicode char U+01F5 (decimal 501)
   defining Unicode char U+0218 (decimal 536)
   defining Unicode char U+0219 (decimal 537)
   defining Unicode char U+021A (decimal 538)
   defining Unicode char U+021B (decimal 539)
   defining Unicode char U+01E02 (decimal 7682)
   defining Unicode char U+01E03 (decimal 7683)
   defining Unicode char U+200C (decimal 8204)
   defining Unicode char U+2013 (decimal 8211)
   defining Unicode char U+2014 (decimal 8212)
   defining Unicode char U+2018 (decimal 8216)
   defining Unicode char U+2019 (decimal 8217)
   defining Unicode char U+201A (decimal 8218)
   defining Unicode char U+201C (decimal 8220)
   defining Unicode char U+201D (decimal 8221)
   defining Unicode char U+201E (decimal 8222)
   defining Unicode char U+2030 (decimal 8240)
   defining Unicode char U+2031 (decimal 8241)
   defining Unicode char U+2039 (decimal 8249)
   defining Unicode char U+203A (decimal 8250)
   defining Unicode char U+2423 (decimal 9251)
)
Now handling font encoding OT1 ...
... processing UTF-8 mapping file for font encoding OT1

(/usr/share/texlive/texmf-dist/tex/latex/base/ot1enc.dfu
File: ot1enc.dfu 2015/12/03 v1.1r UTF-8 support for inputenc
   defining Unicode char U+00A0 (decimal 160)
   defining Unicode char U+00A1 (decimal 161)
   defining Unicode char U+00A3 (decimal 163)
   defining Unicode char U+00AD (decimal 173)
   defining Unicode char U+00B8 (decimal 184)
   defining Unicode char U+00BF (decimal 191)
   defining Unicode char U+00C5 (decimal 197)
   defining Unicode char U+00C6 (decimal 198)
   defining Unicode char U+00D8 (decimal 216)
   defining Unicode char U+00DF (decimal 223)
   defining Unicode char U+00E6 (decimal 230)
   defining Unicode char U+00EC (decimal 236)
   defining Unicode char U+00ED (decimal 237)
   defining Unicode char U+00EE (decimal 238)
   defining Unicode char U+00EF (decimal 239)
   defining Unicode char U+00F8 (decimal 248)
   defining Unicode char U+0131 (decimal 305)
   defining Unicode char U+0141 (decimal 321)
   defining Unicode char U+0142 (decimal 322)
   defining Unicode char U+0152 (decimal 338)
   defining Unicode char U+0153 (decimal 339)
   defining Unicode char U+0174 (decimal 372)
   defining Unicode char U+0175 (decimal 373)
   defining Unicode char U+0176 (decimal 374)
   defining Unicode char U+0177 (decimal 375)
   defining Unicode char U+0218 (decimal 536)
   defining Unicode char U+0219 (decimal 537)
   defining Unicode char U+021A (decimal 538)
   defining Unicode char U+021B (decimal 539)
   defining Unicode char U+2013 (decimal 8211)
   defining Unicode char U+2014 (decimal 8212)
   defining Unicode char U+2018 (decimal 8216)
   defining Unicode char U+2019 (decimal 8217)
   defining Unicode char U+201C (decimal 8220)
   defining Unicode char U+201D (decimal 8221)
)
Now handling font encoding OMS ...
... processing UTF-8 mapping file for font encoding OMS

(/usr/share/texlive/texmf-dist/tex/latex/base/omsenc.dfu
File: omsenc.dfu 2015/12/03 v1.1r UTF-8 support for inputenc
   defining Unicode char U+00A7 (decimal 167)
   defining Unicode char U+00B6 (decimal 182)
   defining Unicode char U+00B7 (decimal 183)
   defining Unicode char U+2020 (decimal 8224)
   defining Unicode char U+2021 (decimal 8225)
   defining Unicode char U+2022 (decimal 8226)
)
Now handling font encoding OMX ...
... no UTF-8 mapping file for font encoding OMX
Now handling font encoding U ...
... no UTF-8 mapping file for font encoding U
   defining Unicode char U+00A9 (decimal 169)
   defining Unicode char U+00AA (decimal 170)
   defining Unicode char U+00AE (decimal 174)
   defining Unicode char U+00BA (decimal 186)
   defining Unicode char U+02C6 (decimal 710)
   defining Unicode char U+02DC (decimal 732)
   defining Unicode char U+200C (decimal 8204)
   defining Unicode char U+2026 (decimal 8230)
   defining Unicode char U+2122 (decimal 8482)
   defining Unicode char U+2423 (decimal 9251)
))
(/usr/share/texlive/texmf-dist/tex/generic/babel/babel.sty
Package: babel 2016/02/24 3.9q The Babel package

(/usr/share/texlive/texmf-dist/tex/generic/babel-portuges/portuges.ldf
Language: portuges 2008/03/18 v1.2q Portuguese support from the babel system

(/usr/share/texlive/texmf-dist/tex/generic/babel/babel.def
File: babel.def 2016/02/24 3.9q Babel common definitions
\babel@savecnt=\count87
\U@D=\dimen103
)
\l@brazilian = a dialect from \language\l@portuges 
Package babel Info: Making " an active character on input line 145.
))
(/usr/share/texlive/texmf-dist/tex/latex/graphics/graphicx.sty
Package: graphicx 2014/10/28 v1.0g Enhanced LaTeX Graphics (DPC,SPQR)

(/usr/share/texlive/texmf-dist/tex/latex/graphics/keyval.sty
Package: keyval 2014/10/28 v1.15 key=value parser (DPC)
\KV@toks@=\toks16
)
(/usr/share/texlive/texmf-dist/tex/latex/graphics/graphics.sty
Package: graphics 2016/01/03 v1.0q Standard LaTeX Graphics (DPC,SPQR)

(/usr/share/texlive/texmf-dist/tex/latex/graphics/trig.sty
Package: trig 2016/01/03 v1.10 sin cos tan (DPC)
)
(/usr/share/texlive/texmf-dist/tex/latex/latexconfig/graphics.cfg
File: graphics.cfg 2010/04/23 v1.9 graphics configuration of TeX Live
)
Package graphics Info: Driver file: pdftex.def on input line 95.

(/usr/share/texlive/texmf-dist/tex/latex/pdftex-def/pdftex.def
File: pdftex.def 2011/05/27 v0.06d Graphics/color for pdfTeX

(/usr/share/texlive/texmf-dist/tex/generic/oberdiek/infwarerr.sty
Package: infwarerr 2010/04/08 v1.3 Providing info/warning/error messages (HO)
)
(/usr/share/texlive/texmf-dist/tex/generic/oberdiek/ltxcmds.sty
Package: ltxcmds 2011/11/09 v1.22 LaTeX kernel commands for general use (HO)
)
\Gread@gobject=\count88
))
\Gin@req@height=\dimen104
\Gin@req@width=\dimen105
)
(/usr/share/texlive/texmf-dist/tex/latex/adjustbox/adjustbox.sty
Package: adjustbox 2012/05/21 v1.0 Adjusting TeX boxes (trim, clip, ...)

(/usr/share/texlive/texmf-dist/tex/latex/xkeyval/xkeyval.sty
Package: xkeyval 2014/12/03 v2.7a package option processing (HA)

(/usr/share/texlive/texmf-dist/tex/generic/xkeyval/xkeyval.tex
(/usr/share/texlive/texmf-dist/tex/generic/xkeyval/xkvutils.tex
\XKV@toks=\toks17
\XKV@tempa@toks=\toks18
)
\XKV@depth=\count89
File: xkeyval.tex 2014/12/03 v2.7a key=value parser (HA)
))
(/usr/share/texlive/texmf-dist/tex/latex/adjustbox/adjcalc.sty
Package: adjcalc 2012/05/16 v1.1 Provides advanced setlength with multiple back
-ends (calc, etex, pgfmath)
)
(/usr/share/texlive/texmf-dist/tex/latex/adjustbox/trimclip.sty
Package: trimclip 2012/05/16 v1.0 Trim and clip general TeX material

(/usr/share/texlive/texmf-dist/tex/latex/collectbox/collectbox.sty
Package: collectbox 2012/05/17 v0.4b Collect macro arguments as boxes
\collectedbox=\box26
)
\tc@llx=\dimen106
\tc@lly=\dimen107
\tc@urx=\dimen108
\tc@ury=\dimen109
Package trimclip Info: Using driver 'tc-pdftex.def'.

(/usr/share/texlive/texmf-dist/tex/latex/adjustbox/tc-pdftex.def
File: tc-pdftex.def 2012/05/13 v1.0 Clipping driver for pdftex
))
\adjbox@Width=\dimen110
\adjbox@Height=\dimen111
\adjbox@Depth=\dimen112
\adjbox@Totalheight=\dimen113

(/usr/share/texlive/texmf-dist/tex/latex/ifoddpage/ifoddpage.sty
Package: ifoddpage 2011/09/13 v1.0 Conditionals for odd/even page detection
\c@checkoddpage=\count90
)
(/usr/share/texlive/texmf-dist/tex/latex/varwidth/varwidth.sty
Package: varwidth 2009/03/30 ver 0.92;  Variable-width minipages
\@vwid@box=\box27
\sift@deathcycles=\count91
\@vwid@loff=\dimen114
\@vwid@roff=\dimen115
))
(/usr/share/texlive/texmf-dist/tex/latex/float/float.sty
Package: float 2001/11/08 v1.3d Float enhancements (AL)
\c@float@type=\count92
\float@exts=\toks19
\float@box=\box28
\@float@everytoks=\toks20
\@floatcapt=\box29
)
(/usr/share/texlive/texmf-dist/tex/latex/hyperref/hyperref.sty
Package: hyperref 2012/11/06 v6.83m Hypertext links for LaTeX

(/usr/share/texlive/texmf-dist/tex/generic/oberdiek/hobsub-hyperref.sty
Package: hobsub-hyperref 2012/05/28 v1.13 Bundle oberdiek, subset hyperref (HO)


(/usr/share/texlive/texmf-dist/tex/generic/oberdiek/hobsub-generic.sty
Package: hobsub-generic 2012/05/28 v1.13 Bundle oberdiek, subset generic (HO)
Package: hobsub 2012/05/28 v1.13 Construct package bundles (HO)
Package hobsub Info: Skipping package `infwarerr' (already loaded).
Package hobsub Info: Skipping package `ltxcmds' (already loaded).
Package: ifluatex 2010/03/01 v1.3 Provides the ifluatex switch (HO)
Package ifluatex Info: LuaTeX not detected.
Package: ifvtex 2010/03/01 v1.5 Detect VTeX and its facilities (HO)
Package ifvtex Info: VTeX not detected.
Package: intcalc 2007/09/27 v1.1 Expandable calculations with integers (HO)
Package: ifpdf 2011/01/30 v2.3 Provides the ifpdf switch (HO)
Package ifpdf Info: pdfTeX in PDF mode is detected.
Package: etexcmds 2011/02/16 v1.5 Avoid name clashes with e-TeX commands (HO)
Package etexcmds Info: Could not find \expanded.
(etexcmds)             That can mean that you are not using pdfTeX 1.50 or
(etexcmds)             that some package has redefined \expanded.
(etexcmds)             In the latter case, load this package earlier.
Package: kvsetkeys 2012/04/25 v1.16 Key value parser (HO)
Package: kvdefinekeys 2011/04/07 v1.3 Define keys (HO)
Package: pdftexcmds 2011/11/29 v0.20 Utility functions of pdfTeX for LuaTeX (HO
)
Package pdftexcmds Info: LuaTeX not detected.
Package pdftexcmds Info: \pdf@primitive is available.
Package pdftexcmds Info: \pdf@ifprimitive is available.
Package pdftexcmds Info: \pdfdraftmode found.
Package: pdfescape 2011/11/25 v1.13 Implements pdfTeX's escape features (HO)
Package: bigintcalc 2012/04/08 v1.3 Expandable calculations on big integers (HO
)
Package: bitset 2011/01/30 v1.1 Handle bit-vector datatype (HO)
Package: uniquecounter 2011/01/30 v1.2 Provide unlimited unique counter (HO)
)
Package hobsub Info: Skipping package `hobsub' (already loaded).
Package: letltxmacro 2010/09/02 v1.4 Let assignment for LaTeX macros (HO)
Package: hopatch 2012/05/28 v1.2 Wrapper for package hooks (HO)
Package: xcolor-patch 2011/01/30 xcolor patch
Package: atveryend 2011/06/30 v1.8 Hooks at the very end of document (HO)
Package atveryend Info: \enddocument detected (standard20110627).
Package: atbegshi 2011/10/05 v1.16 At begin shipout hook (HO)
Package: refcount 2011/10/16 v3.4 Data extraction from label references (HO)
Package: hycolor 2011/01/30 v1.7 Color options for hyperref/bookmark (HO)
)
(/usr/share/texlive/texmf-dist/tex/generic/ifxetex/ifxetex.sty
Package: ifxetex 2010/09/12 v0.6 Provides ifxetex conditional
)
(/usr/share/texlive/texmf-dist/tex/latex/oberdiek/auxhook.sty
Package: auxhook 2011/03/04 v1.3 Hooks for auxiliary files (HO)
)
(/usr/share/texlive/texmf-dist/tex/latex/oberdiek/kvoptions.sty
Package: kvoptions 2011/06/30 v3.11 Key value format for package options (HO)
)
\@linkdim=\dimen116
\Hy@linkcounter=\count93
\Hy@pagecounter=\count94

(/usr/share/texlive/texmf-dist/tex/latex/hyperref/pd1enc.def
File: pd1enc.def 2012/11/06 v6.83m Hyperref: PDFDocEncoding definition (HO)
Now handling font encoding PD1 ...
... no UTF-8 mapping file for font encoding PD1
)
\Hy@SavedSpaceFactor=\count95

(/usr/share/texlive/texmf-dist/tex/latex/latexconfig/hyperref.cfg
File: hyperref.cfg 2002/06/06 v1.2 hyperref configuration of TeXLive
)
Package hyperref Info: Hyper figures OFF on input line 4443.
Package hyperref Info: Link nesting OFF on input line 4448.
Package hyperref Info: Hyper index ON on input line 4451.
Package hyperref Info: Plain pages OFF on input line 4458.
Package hyperref Info: Backreferencing OFF on input line 4463.
Package hyperref Info: Implicit mode ON; LaTeX internals redefined.
Package hyperref Info: Bookmarks ON on input line 4688.
\c@Hy@tempcnt=\count96

(/usr/share/texlive/texmf-dist/tex/latex/url/url.sty
\Urlmuskip=\muskip10
Package: url 2013/09/16  ver 3.4  Verb mode for urls, etc.
)
LaTeX Info: Redefining \url on input line 5041.
\XeTeXLinkMargin=\dimen117
\Fld@menulength=\count97
\Field@Width=\dimen118
\Fld@charsize=\dimen119
Package hyperref Info: Hyper figures OFF on input line 6295.
Package hyperref Info: Link nesting OFF on input line 6300.
Package hyperref Info: Hyper index ON on input line 6303.
Package hyperref Info: backreferencing OFF on input line 6310.
Package hyperref Info: Link coloring OFF on input line 6315.
Package hyperref Info: Link coloring with OCG OFF on input line 6320.
Package hyperref Info: PDF/A mode OFF on input line 6325.
LaTeX Info: Redefining \ref on input line 6365.
LaTeX Info: Redefining \pageref on input line 6369.
\Hy@abspage=\count98
\c@Item=\count99
\c@Hfootnote=\count100
)

Package hyperref Message: Driver: hpdftex.

(/usr/share/texlive/texmf-dist/tex/latex/hyperref/hpdftex.def
File: hpdftex.def 2012/11/06 v6.83m Hyperref driver for pdfTeX
\Fld@listcount=\count101
\c@bookmark@seq@number=\count102

(/usr/share/texlive/texmf-dist/tex/latex/oberdiek/rerunfilecheck.sty
Package: rerunfilecheck 2011/04/15 v1.7 Rerun checks for auxiliary files (HO)
Package uniquecounter Info: New unique counter `rerunfilecheck' on input line 2
82.
)
\Hy@SectionHShift=\skip43
)
(/usr/share/texlive/texmf-dist/tex/latex/oberdiek/epstopdf.sty
Package: epstopdf 2010/02/09 v2.5 Conversion with epstopdf on the fly (HO)

(/usr/share/texlive/texmf-dist/tex/latex/oberdiek/epstopdf-base.sty
Package: epstopdf-base 2010/02/09 v2.5 Base part for package epstopdf

(/usr/share/texlive/texmf-dist/tex/latex/oberdiek/grfext.sty
Package: grfext 2010/08/19 v1.1 Manage graphics extensions (HO)
)
Package grfext Info: Graphics extension search list:
(grfext)             [.png,.pdf,.jpg,.mps,.jpeg,.jbig2,.jb2,.PNG,.PDF,.JPG,.JPE
G,.JBIG2,.JB2,.eps]
(grfext)             \AppendGraphicsExtensions on input line 452.

(/usr/share/texlive/texmf-dist/tex/latex/latexconfig/epstopdf-sys.cfg
File: epstopdf-sys.cfg 2010/07/13 v1.3 Configuration of (r)epstopdf for TeX Liv
e
)))
(/usr/share/texlive/texmf-dist/tex/latex/etoolbox/etoolbox.sty
Package: etoolbox 2015/08/02 v2.2a e-TeX tools for LaTeX (JAW)
\etb@tempcnta=\count103
)
(/usr/share/texlive/texmf-dist/tex/latex/amsmath/amsmath.sty
Package: amsmath 2016/03/03 v2.15a AMS math features
\@mathmargin=\skip44

For additional information on amsmath, use the `?' option.
(/usr/share/texlive/texmf-dist/tex/latex/amsmath/amstext.sty
Package: amstext 2000/06/29 v2.01 AMS text

(/usr/share/texlive/texmf-dist/tex/latex/amsmath/amsgen.sty
File: amsgen.sty 1999/11/30 v2.0 generic functions
\@emptytoks=\toks21
\ex@=\dimen120
))
(/usr/share/texlive/texmf-dist/tex/latex/amsmath/amsbsy.sty
Package: amsbsy 1999/11/29 v1.2d Bold Symbols
\pmbraise@=\dimen121
)
(/usr/share/texlive/texmf-dist/tex/latex/amsmath/amsopn.sty
Package: amsopn 1999/12/14 v2.01 operator names
)
\inf@bad=\count104
LaTeX Info: Redefining \frac on input line 199.
\uproot@=\count105
\leftroot@=\count106
LaTeX Info: Redefining \overline on input line 297.
\classnum@=\count107
\DOTSCASE@=\count108
LaTeX Info: Redefining \ldots on input line 394.
LaTeX Info: Redefining \dots on input line 397.
LaTeX Info: Redefining \cdots on input line 518.
\Mathstrutbox@=\box30
\strutbox@=\box31
\big@size=\dimen122
LaTeX Font Info:    Redeclaring font encoding OML on input line 630.
LaTeX Font Info:    Redeclaring font encoding OMS on input line 631.
\macc@depth=\count109
\c@MaxMatrixCols=\count110
\dotsspace@=\muskip11
\c@parentequation=\count111
\dspbrk@lvl=\count112
\tag@help=\toks22
\row@=\count113
\column@=\count114
\maxfields@=\count115
\andhelp@=\toks23
\eqnshift@=\dimen123
\alignsep@=\dimen124
\tagshift@=\dimen125
\tagwidth@=\dimen126
\totwidth@=\dimen127
\lineht@=\dimen128
\@envbody=\toks24
\multlinegap=\skip45
\multlinetaggap=\skip46
\mathdisplay@stack=\toks25
LaTeX Info: Redefining \[ on input line 2735.
LaTeX Info: Redefining \] on input line 2736.
)
(/usr/share/texlive/texmf-dist/tex/latex/amsfonts/amsfonts.sty
Package: amsfonts 2013/01/14 v3.01 Basic AMSFonts support
\symAMSa=\mathgroup4
\symAMSb=\mathgroup5
LaTeX Font Info:    Overwriting math alphabet `\mathfrak' in version `bold'
(Font)                  U/euf/m/n --> U/euf/b/n on input line 106.
)
(/usr/share/texlive/texmf-dist/tex/latex/amsfonts/amssymb.sty
Package: amssymb 2013/01/14 v3.01 AMS font symbols
)
(/usr/share/texlive/texmf-dist/tex/latex/caption/caption.sty
Package: caption 2016/02/21 v3.3-144 Customizing captions (AR)

(/usr/share/texlive/texmf-dist/tex/latex/caption/caption3.sty
Package: caption3 2016/02/04 v1.7-139 caption3 kernel (AR)
Package caption3 Info: TeX engine: e-TeX on input line 67.
\captionmargin=\dimen129
\captionmargin@=\dimen130
\captionwidth=\dimen131
\caption@tempdima=\dimen132
\caption@indent=\dimen133
\caption@parindent=\dimen134
\caption@hangindent=\dimen135
)
\c@ContinuedFloat=\count116
Package caption Info: float package is loaded.
Package caption Info: hyperref package is loaded.
)
(/usr/share/texlive/texmf-dist/tex/latex/caption/subcaption.sty
Package: subcaption 2016/02/20 v1.1-142 Sub-captions (AR)
\c@subfigure=\count117
\c@subtable=\count118
)
(/usr/share/texlive/texmf-dist/tex/latex/setspace/setspace.sty
Package: setspace 2011/12/19 v6.7a set line spacing
)
(/usr/share/texlive/texmf-dist/tex/latex/pgf/frontendlayer/tikz.sty
(/usr/share/texlive/texmf-dist/tex/latex/pgf/basiclayer/pgf.sty
(/usr/share/texlive/texmf-dist/tex/latex/pgf/utilities/pgfrcs.sty
(/usr/share/texlive/texmf-dist/tex/generic/pgf/utilities/pgfutil-common.tex
\pgfutil@everybye=\toks26
\pgfutil@tempdima=\dimen136
\pgfutil@tempdimb=\dimen137

(/usr/share/texlive/texmf-dist/tex/generic/pgf/utilities/pgfutil-common-lists.t
ex)) (/usr/share/texlive/texmf-dist/tex/generic/pgf/utilities/pgfutil-latex.def
\pgfutil@abb=\box32
(/usr/share/texlive/texmf-dist/tex/latex/ms/everyshi.sty
Package: everyshi 2001/05/15 v3.00 EveryShipout Package (MS)
))
(/usr/share/texlive/texmf-dist/tex/generic/pgf/utilities/pgfrcs.code.tex
Package: pgfrcs 2015/08/07 v3.0.1a (rcs-revision 1.31)
))
Package: pgf 2015/08/07 v3.0.1a (rcs-revision 1.15)

(/usr/share/texlive/texmf-dist/tex/latex/pgf/basiclayer/pgfcore.sty
(/usr/share/texlive/texmf-dist/tex/latex/pgf/systemlayer/pgfsys.sty
(/usr/share/texlive/texmf-dist/tex/generic/pgf/systemlayer/pgfsys.code.tex
Package: pgfsys 2014/07/09 v3.0.1a (rcs-revision 1.48)

(/usr/share/texlive/texmf-dist/tex/generic/pgf/utilities/pgfkeys.code.tex
\pgfkeys@pathtoks=\toks27
\pgfkeys@temptoks=\toks28

(/usr/share/texlive/texmf-dist/tex/generic/pgf/utilities/pgfkeysfiltered.code.t
ex
\pgfkeys@tmptoks=\toks29
))
\pgf@x=\dimen138
\pgf@y=\dimen139
\pgf@xa=\dimen140
\pgf@ya=\dimen141
\pgf@xb=\dimen142
\pgf@yb=\dimen143
\pgf@xc=\dimen144
\pgf@yc=\dimen145
\w@pgf@writea=\write3
\r@pgf@reada=\read1
\c@pgf@counta=\count119
\c@pgf@countb=\count120
\c@pgf@countc=\count121
\c@pgf@countd=\count122
\t@pgf@toka=\toks30
\t@pgf@tokb=\toks31
\t@pgf@tokc=\toks32
 (/usr/share/texlive/texmf-dist/tex/generic/pgf/systemlayer/pgf.cfg
File: pgf.cfg 2008/05/14  (rcs-revision 1.7)
)
Driver file for pgf: pgfsys-pdftex.def

(/usr/share/texlive/texmf-dist/tex/generic/pgf/systemlayer/pgfsys-pdftex.def
File: pgfsys-pdftex.def 2014/10/11  (rcs-revision 1.35)

(/usr/share/texlive/texmf-dist/tex/generic/pgf/systemlayer/pgfsys-common-pdf.de
f
File: pgfsys-common-pdf.def 2013/10/10  (rcs-revision 1.13)
)))
(/usr/share/texlive/texmf-dist/tex/generic/pgf/systemlayer/pgfsyssoftpath.code.
tex
File: pgfsyssoftpath.code.tex 2013/09/09  (rcs-revision 1.9)
\pgfsyssoftpath@smallbuffer@items=\count123
\pgfsyssoftpath@bigbuffer@items=\count124
)
(/usr/share/texlive/texmf-dist/tex/generic/pgf/systemlayer/pgfsysprotocol.code.
tex
File: pgfsysprotocol.code.tex 2006/10/16  (rcs-revision 1.4)
)) (/usr/share/texlive/texmf-dist/tex/latex/xcolor/xcolor.sty
Package: xcolor 2007/01/21 v2.11 LaTeX color extensions (UK)

(/usr/share/texlive/texmf-dist/tex/latex/latexconfig/color.cfg
File: color.cfg 2007/01/18 v1.5 color configuration of teTeX/TeXLive
)
Package xcolor Info: Driver file: pdftex.def on input line 225.
Package xcolor Info: Model `cmy' substituted by `cmy0' on input line 1337.
Package xcolor Info: Model `hsb' substituted by `rgb' on input line 1341.
Package xcolor Info: Model `RGB' extended on input line 1353.
Package xcolor Info: Model `HTML' substituted by `rgb' on input line 1355.
Package xcolor Info: Model `Hsb' substituted by `hsb' on input line 1356.
Package xcolor Info: Model `tHsb' substituted by `hsb' on input line 1357.
Package xcolor Info: Model `HSB' substituted by `hsb' on input line 1358.
Package xcolor Info: Model `Gray' substituted by `gray' on input line 1359.
Package xcolor Info: Model `wave' substituted by `hsb' on input line 1360.
)
(/usr/share/texlive/texmf-dist/tex/generic/pgf/basiclayer/pgfcore.code.tex
Package: pgfcore 2010/04/11 v3.0.1a (rcs-revision 1.7)

(/usr/share/texlive/texmf-dist/tex/generic/pgf/math/pgfmath.code.tex
(/usr/share/texlive/texmf-dist/tex/generic/pgf/math/pgfmathcalc.code.tex
(/usr/share/texlive/texmf-dist/tex/generic/pgf/math/pgfmathutil.code.tex)
(/usr/share/texlive/texmf-dist/tex/generic/pgf/math/pgfmathparser.code.tex
\pgfmath@dimen=\dimen146
\pgfmath@count=\count125
\pgfmath@box=\box33
\pgfmath@toks=\toks33
\pgfmath@stack@operand=\toks34
\pgfmath@stack@operation=\toks35
)
(/usr/share/texlive/texmf-dist/tex/generic/pgf/math/pgfmathfunctions.code.tex
(/usr/share/texlive/texmf-dist/tex/generic/pgf/math/pgfmathfunctions.basic.code
.tex)
(/usr/share/texlive/texmf-dist/tex/generic/pgf/math/pgfmathfunctions.trigonomet
ric.code.tex)
(/usr/share/texlive/texmf-dist/tex/generic/pgf/math/pgfmathfunctions.random.cod
e.tex)
(/usr/share/texlive/texmf-dist/tex/generic/pgf/math/pgfmathfunctions.comparison
.code.tex)
(/usr/share/texlive/texmf-dist/tex/generic/pgf/math/pgfmathfunctions.base.code.
tex)
(/usr/share/texlive/texmf-dist/tex/generic/pgf/math/pgfmathfunctions.round.code
.tex)
(/usr/share/texlive/texmf-dist/tex/generic/pgf/math/pgfmathfunctions.misc.code.
tex)
(/usr/share/texlive/texmf-dist/tex/generic/pgf/math/pgfmathfunctions.integerari
thmetics.code.tex)))
(/usr/share/texlive/texmf-dist/tex/generic/pgf/math/pgfmathfloat.code.tex
\c@pgfmathroundto@lastzeros=\count126
))
(/usr/share/texlive/texmf-dist/tex/generic/pgf/basiclayer/pgfcorepoints.code.te
x
File: pgfcorepoints.code.tex 2013/10/07  (rcs-revision 1.27)
\pgf@picminx=\dimen147
\pgf@picmaxx=\dimen148
\pgf@picminy=\dimen149
\pgf@picmaxy=\dimen150
\pgf@pathminx=\dimen151
\pgf@pathmaxx=\dimen152
\pgf@pathminy=\dimen153
\pgf@pathmaxy=\dimen154
\pgf@xx=\dimen155
\pgf@xy=\dimen156
\pgf@yx=\dimen157
\pgf@yy=\dimen158
\pgf@zx=\dimen159
\pgf@zy=\dimen160
)
(/usr/share/texlive/texmf-dist/tex/generic/pgf/basiclayer/pgfcorepathconstruct.
code.tex
File: pgfcorepathconstruct.code.tex 2013/10/07  (rcs-revision 1.29)
\pgf@path@lastx=\dimen161
\pgf@path@lasty=\dimen162
)
(/usr/share/texlive/texmf-dist/tex/generic/pgf/basiclayer/pgfcorepathusage.code
.tex
File: pgfcorepathusage.code.tex 2014/11/02  (rcs-revision 1.24)
\pgf@shorten@end@additional=\dimen163
\pgf@shorten@start@additional=\dimen164
)
(/usr/share/texlive/texmf-dist/tex/generic/pgf/basiclayer/pgfcorescopes.code.te
x
File: pgfcorescopes.code.tex 2015/05/08  (rcs-revision 1.46)
\pgfpic=\box34
\pgf@hbox=\box35
\pgf@layerbox@main=\box36
\pgf@picture@serial@count=\count127
)
(/usr/share/texlive/texmf-dist/tex/generic/pgf/basiclayer/pgfcoregraphicstate.c
ode.tex
File: pgfcoregraphicstate.code.tex 2014/11/02  (rcs-revision 1.12)
\pgflinewidth=\dimen165
)
(/usr/share/texlive/texmf-dist/tex/generic/pgf/basiclayer/pgfcoretransformation
s.code.tex
File: pgfcoretransformations.code.tex 2015/08/07  (rcs-revision 1.20)
\pgf@pt@x=\dimen166
\pgf@pt@y=\dimen167
\pgf@pt@temp=\dimen168
)
(/usr/share/texlive/texmf-dist/tex/generic/pgf/basiclayer/pgfcorequick.code.tex
File: pgfcorequick.code.tex 2008/10/09  (rcs-revision 1.3)
)
(/usr/share/texlive/texmf-dist/tex/generic/pgf/basiclayer/pgfcoreobjects.code.t
ex
File: pgfcoreobjects.code.tex 2006/10/11  (rcs-revision 1.2)
)
(/usr/share/texlive/texmf-dist/tex/generic/pgf/basiclayer/pgfcorepathprocessing
.code.tex
File: pgfcorepathprocessing.code.tex 2013/09/09  (rcs-revision 1.9)
)
(/usr/share/texlive/texmf-dist/tex/generic/pgf/basiclayer/pgfcorearrows.code.te
x
File: pgfcorearrows.code.tex 2015/05/14  (rcs-revision 1.43)
\pgfarrowsep=\dimen169
)
(/usr/share/texlive/texmf-dist/tex/generic/pgf/basiclayer/pgfcoreshade.code.tex
File: pgfcoreshade.code.tex 2013/07/15  (rcs-revision 1.15)
\pgf@max=\dimen170
\pgf@sys@shading@range@num=\count128
)
(/usr/share/texlive/texmf-dist/tex/generic/pgf/basiclayer/pgfcoreimage.code.tex
File: pgfcoreimage.code.tex 2013/07/15  (rcs-revision 1.18)

(/usr/share/texlive/texmf-dist/tex/generic/pgf/basiclayer/pgfcoreexternal.code.
tex
File: pgfcoreexternal.code.tex 2014/07/09  (rcs-revision 1.21)
\pgfexternal@startupbox=\box37
))
(/usr/share/texlive/texmf-dist/tex/generic/pgf/basiclayer/pgfcorelayers.code.te
x
File: pgfcorelayers.code.tex 2013/07/18  (rcs-revision 1.7)
)
(/usr/share/texlive/texmf-dist/tex/generic/pgf/basiclayer/pgfcoretransparency.c
ode.tex
File: pgfcoretransparency.code.tex 2013/09/30  (rcs-revision 1.5)
)
(/usr/share/texlive/texmf-dist/tex/generic/pgf/basiclayer/pgfcorepatterns.code.
tex
File: pgfcorepatterns.code.tex 2013/11/07  (rcs-revision 1.5)
)))
(/usr/share/texlive/texmf-dist/tex/generic/pgf/modules/pgfmoduleshapes.code.tex
File: pgfmoduleshapes.code.tex 2014/03/21  (rcs-revision 1.35)
\pgfnodeparttextbox=\box38
) (/usr/share/texlive/texmf-dist/tex/generic/pgf/modules/pgfmoduleplot.code.tex
File: pgfmoduleplot.code.tex 2015/08/03  (rcs-revision 1.13)
)
(/usr/share/texlive/texmf-dist/tex/latex/pgf/compatibility/pgfcomp-version-0-65
.sty
Package: pgfcomp-version-0-65 2007/07/03 v3.0.1a (rcs-revision 1.7)
\pgf@nodesepstart=\dimen171
\pgf@nodesepend=\dimen172
)
(/usr/share/texlive/texmf-dist/tex/latex/pgf/compatibility/pgfcomp-version-1-18
.sty
Package: pgfcomp-version-1-18 2007/07/23 v3.0.1a (rcs-revision 1.1)
)) (/usr/share/texlive/texmf-dist/tex/latex/pgf/utilities/pgffor.sty
(/usr/share/texlive/texmf-dist/tex/latex/pgf/utilities/pgfkeys.sty
(/usr/share/texlive/texmf-dist/tex/generic/pgf/utilities/pgfkeys.code.tex))
(/usr/share/texlive/texmf-dist/tex/latex/pgf/math/pgfmath.sty
(/usr/share/texlive/texmf-dist/tex/generic/pgf/math/pgfmath.code.tex))
(/usr/share/texlive/texmf-dist/tex/generic/pgf/utilities/pgffor.code.tex
Package: pgffor 2013/12/13 v3.0.1a (rcs-revision 1.25)

(/usr/share/texlive/texmf-dist/tex/generic/pgf/math/pgfmath.code.tex)
\pgffor@iter=\dimen173
\pgffor@skip=\dimen174
\pgffor@stack=\toks36
\pgffor@toks=\toks37
))
(/usr/share/texlive/texmf-dist/tex/generic/pgf/frontendlayer/tikz/tikz.code.tex
Package: tikz 2015/08/07 v3.0.1a (rcs-revision 1.151)

(/usr/share/texlive/texmf-dist/tex/generic/pgf/libraries/pgflibraryplothandlers
.code.tex
File: pgflibraryplothandlers.code.tex 2013/08/31 v3.0.1a (rcs-revision 1.20)
\pgf@plot@mark@count=\count129
\pgfplotmarksize=\dimen175
)
\tikz@lastx=\dimen176
\tikz@lasty=\dimen177
\tikz@lastxsaved=\dimen178
\tikz@lastysaved=\dimen179
\tikzleveldistance=\dimen180
\tikzsiblingdistance=\dimen181
\tikz@figbox=\box39
\tikz@figbox@bg=\box40
\tikz@tempbox=\box41
\tikz@tempbox@bg=\box42
\tikztreelevel=\count130
\tikznumberofchildren=\count131
\tikznumberofcurrentchild=\count132
\tikz@fig@count=\count133

(/usr/share/texlive/texmf-dist/tex/generic/pgf/modules/pgfmodulematrix.code.tex
File: pgfmodulematrix.code.tex 2013/09/17  (rcs-revision 1.8)
\pgfmatrixcurrentrow=\count134
\pgfmatrixcurrentcolumn=\count135
\pgf@matrix@numberofcolumns=\count136
)
\tikz@expandcount=\count137

(/usr/share/texlive/texmf-dist/tex/generic/pgf/frontendlayer/tikz/libraries/tik
zlibrarytopaths.code.tex
File: tikzlibrarytopaths.code.tex 2008/06/17 v3.0.1a (rcs-revision 1.2)
)))
(/usr/share/texlive/texmf-dist/tex/latex/listings/listings.sty
\lst@mode=\count138
\lst@gtempboxa=\box43
\lst@token=\toks38
\lst@length=\count139
\lst@currlwidth=\dimen182
\lst@column=\count140
\lst@pos=\count141
\lst@lostspace=\dimen183
\lst@width=\dimen184
\lst@newlines=\count142
\lst@lineno=\count143
\lst@maxwidth=\dimen185

(/usr/share/texlive/texmf-dist/tex/latex/listings/lstmisc.sty
File: lstmisc.sty 2015/06/04 1.6 (Carsten Heinz)
\c@lstnumber=\count144
\lst@skipnumbers=\count145
\lst@framebox=\box44
)
(/usr/share/texlive/texmf-dist/tex/latex/listings/listings.cfg
File: listings.cfg 2015/06/04 1.6 listings configuration
))
Package: listings 2015/06/04 1.6 (Carsten Heinz)
\c@theo=\count146
\c@exa=\count147
\c@lemm=\count148
\c@coro=\count149
\c@defn=\count150

(/usr/share/texlive/texmf-dist/tex/latex/listings/lstlang1.sty
File: lstlang1.sty 2015/06/04 1.6 listings language file
)
(/usr/share/texlive/texmf-dist/tex/latex/listings/lstmisc.sty
File: lstmisc.sty 2015/06/04 1.6 (Carsten Heinz)
) (./relatorio.aux)
\openout1 = `relatorio.aux'.

LaTeX Font Info:    Checking defaults for OML/cmm/m/it on input line 82.
LaTeX Font Info:    ... okay on input line 82.
LaTeX Font Info:    Checking defaults for T1/cmr/m/n on input line 82.
LaTeX Font Info:    ... okay on input line 82.
LaTeX Font Info:    Checking defaults for OT1/cmr/m/n on input line 82.
LaTeX Font Info:    ... okay on input line 82.
LaTeX Font Info:    Checking defaults for OMS/cmsy/m/n on input line 82.
LaTeX Font Info:    ... okay on input line 82.
LaTeX Font Info:    Checking defaults for OMX/cmex/m/n on input line 82.
LaTeX Font Info:    ... okay on input line 82.
LaTeX Font Info:    Checking defaults for U/cmr/m/n on input line 82.
LaTeX Font Info:    ... okay on input line 82.
LaTeX Font Info:    Checking defaults for PD1/pdf/m/n on input line 82.
LaTeX Font Info:    ... okay on input line 82.
 (/usr/share/texlive/texmf-dist/tex/context/base/supp-pdf.mkii
[Loading MPS to PDF converter (version 2006.09.02).]
\scratchcounter=\count151
\scratchdimen=\dimen186
\scratchbox=\box45
\nofMPsegments=\count152
\nofMParguments=\count153
\everyMPshowfont=\toks39
\MPscratchCnt=\count154
\MPscratchDim=\dimen187
\MPnumerator=\count155
\makeMPintoPDFobject=\count156
\everyMPtoPDFconversion=\toks40
)
\AtBeginShipoutBox=\box46
Package hyperref Info: Link coloring OFF on input line 82.
 (/usr/share/texlive/texmf-dist/tex/latex/hyperref/nameref.sty
Package: nameref 2012/10/27 v2.43 Cross-referencing by name of section

(/usr/share/texlive/texmf-dist/tex/generic/oberdiek/gettitlestring.sty
Package: gettitlestring 2010/12/03 v1.4 Cleanup title references (HO)
)
\c@section@level=\count157
)
LaTeX Info: Redefining \ref on input line 82.
LaTeX Info: Redefining \pageref on input line 82.
LaTeX Info: Redefining \nameref on input line 82.

(./relatorio.out) (./relatorio.out)
\@outlinefile=\write4
\openout4 = `relatorio.out'.

Package caption Info: Begin \AtBeginDocument code.
Package caption Info: listings package is loaded.
Package caption Info: End \AtBeginDocument code.
 ABD: EveryShipout initializing macros
\c@lstlisting=\count158

(./capa.tex <logoUnicamp.pdf, id=203, 302.71455pt x 339.65475pt>
File: logoUnicamp.pdf Graphic file (type pdf)

<use logoUnicamp.pdf>
Package pdftex.def Info: logoUnicamp.pdf used on input line 8.
(pdftex.def)             Requested size: 51.7479pt x 58.06186pt.
LaTeX Font Info:    Try loading font information for U+msa on input line 27.
 (/usr/share/texlive/texmf-dist/tex/latex/amsfonts/umsa.fd
File: umsa.fd 2013/01/14 v3.01 AMS symbols A
)
LaTeX Font Info:    Try loading font information for U+msb on input line 27.
 (/usr/share/texlive/texmf-dist/tex/latex/amsfonts/umsb.fd
File: umsb.fd 2013/01/14 v3.01 AMS symbols B
)
Package babel Info: Redefining portuges shorthand "|
(babel)             in language  on input line 40.
Package babel Info: Redefining portuges shorthand "|
(babel)             in language  on input line 40.
 [1

{/var/lib/texmf/fonts/map/pdftex/updmap/pdftex.map} <./logoUnicamp.pdf>])
Package babel Info: Redefining portuges shorthand "|
(babel)             in language  on input line 86.
Package babel Info: Redefining portuges shorthand "|
(babel)             in language  on input line 89.

<requisitos.pdf, id=222, 464.73625pt x 444.66125pt>
File: requisitos.pdf Graphic file (type pdf)
 <use requisitos.pdf>
Package pdftex.def Info: requisitos.pdf used on input line 99.
(pdftex.def)             Requested size: 310.4979pt x 297.09372pt.

<pacotes.pdf, id=223, 561.09625pt x 745.78625pt>
File: pacotes.pdf Graphic file (type pdf)
 <use pacotes.pdf>
Package pdftex.def Info: pacotes.pdf used on input line 105.
(pdftex.def)             Requested size: 310.4979pt x 412.69864pt.
Package babel Info: Redefining portuges shorthand "|
(babel)             in language  on input line 108.
Package babel Info: Redefining portuges shorthand "|
(babel)             in language  on input line 108.
pdfTeX warning (ext4): destination with the same identifier (name{page.1}) has 
been already used, duplicate ignored
<to be read again> 
                   \relax 
l.108 \end{figure}
                   [1] <blocos.pdf, id=233, 525.965pt x 371.3875pt>
File: blocos.pdf Graphic file (type pdf)

<use blocos.pdf>
Package pdftex.def Info: blocos.pdf used on input line 111.
(pdftex.def)             Requested size: 517.5pt x 365.42499pt.
Package babel Info: Redefining portuges shorthand "|
(babel)             in language  on input line 114.
Package babel Info: Redefining portuges shorthand "|
(babel)             in language  on input line 114.
 [2 <./requisitos.pdf>]
Package babel Info: Redefining portuges shorthand "|
(babel)             in language  on input line 115.
Package babel Info: Redefining portuges shorthand "|
(babel)             in language  on input line 115.
 [3 <./pacotes.pdf>]
Package babel Info: Redefining portuges shorthand "|
(babel)             in language  on input line 119.
Package babel Info: Redefining portuges shorthand "|
(babel)             in language  on input line 119.
 [4 <./blocos.pdf>]
<estados.pdf, id=284, 555.07375pt x 258.9675pt>
File: estados.pdf Graphic file (type pdf)
 <use estados.pdf>
Package pdftex.def Info: estados.pdf used on input line 138.
(pdftex.def)             Requested size: 517.5pt x 241.44185pt.
Package babel Info: Redefining portuges shorthand "|
(babel)             in language  on input line 142.
Package babel Info: Redefining portuges shorthand "|
(babel)             in language  on input line 142.
 [5]
Package babel Info: Redefining portuges shorthand "|
(babel)             in language  on input line 151.
Package babel Info: Redefining portuges shorthand "|
(babel)             in language  on input line 151.
 [6 <./estados.pdf>]
Package babel Info: Redefining portuges shorthand "|
(babel)             in language  on input line 152.
 <esq_ledswi.png, id=305, 581.0508pt x 395.5578pt>
File: esq_ledswi.png Graphic file (type png)

<use esq_ledswi.png>
Package pdftex.def Info: esq_ledswi.png used on input line 157.
(pdftex.def)             Requested size: 241.49895pt x 164.40088pt.
 <esq_7seg.png, id=307, 532.99126pt x 408.02437pt>
File: esq_7seg.png Graphic file (type png)

<use esq_7seg.png>
Package pdftex.def Info: esq_7seg.png used on input line 163.
(pdftex.def)             Requested size: 310.4979pt x 237.70648pt.
 <esq_lcd.png, id=308, 532.99126pt x 314.67563pt>
File: esq_lcd.png Graphic file (type png)

<use esq_lcd.png>
Package pdftex.def Info: esq_lcd.png used on input line 169.
(pdftex.def)             Requested size: 310.4979pt x 183.32344pt.
Package babel Info: Redefining portuges shorthand "|
(babel)             in language  on input line 172.
Package babel Info: Redefining portuges shorthand "|
(babel)             in language  on input line 172.
 [7 <./esq_ledswi.png>]
<esq_cooler.png, id=315, 280.04625pt x 382.42876pt>
File: esq_cooler.png Graphic file (type png)
 <use esq_cooler.png>
Package pdftex.def Info: esq_cooler.png used on input line 175.
(pdftex.def)             Requested size: 172.5pt x 235.5745pt.

<esq_sensor.png, id=316, 503.8825pt x 356.33125pt>
File: esq_sensor.png Graphic file (type png)
 <use esq_sensor.png>
Package pdftex.def Info: esq_sensor.png used on input line 181.
(pdftex.def)             Requested size: 310.4979pt x 219.57466pt.
Package babel Info: Redefining portuges shorthand "|
(babel)             in language  on input line 184.
Package babel Info: Redefining portuges shorthand "|
(babel)             in language  on input line 184.

[8 <./esq_7seg.png> <./esq_lcd.png>]
<Pinout.pdf, id=326, 845.1575pt x 597.23125pt>
File: Pinout.pdf Graphic file (type pdf)
 <use Pinout.pdf>
Package pdftex.def Info: Pinout.pdf used on input line 189.
(pdftex.def)             Requested size: 310.4979pt x 219.41377pt.
Package babel Info: Redefining portuges shorthand "|
(babel)             in language  on input line 192.
Package babel Info: Redefining portuges shorthand "|
(babel)             in language  on input line 192.
 [9 <./esq_cooler.png> <./esq_sensor.png>]
Overfull \hbox (24.16864pt too wide) in paragraph at lines 201--213
 [][] 
 []

Package babel Info: Redefining portuges shorthand "|
(babel)             in language  on input line 214.
Package babel Info: Redefining portuges shorthand "|
(babel)             in language  on input line 214.
[10 <./Pinout.pdf>]
Package babel Info: Redefining portuges shorthand "|
(babel)             in language  on input line 217.
LaTeX Font Info:    Try loading font information for T1+cmtt on input line 279.

 (/usr/share/texlive/texmf-dist/tex/latex/base/t1cmtt.fd
File: t1cmtt.fd 2014/09/29 v2.5h Standard LaTeX font definitions
)
Overfull \hbox (86.39993pt too wide) in paragraph at lines 279--281
 [][] 
 []

Package babel Info: Redefining portuges shorthand "|
(babel)             in language  on input line 282.
Package babel Info: Redefining portuges shorthand "|
(babel)             in language  on input line 282.
[11]
Package babel Info: Redefining portuges shorthand "|
(babel)             in language  on input line 282.
Package babel Info: Redefining portuges shorthand "|
(babel)             in language  on input line 284.
Package babel Info: Redefining portuges shorthand "|
(babel)             in language  on input line 286.
Package babel Info: Redefining portuges shorthand "|
(babel)             in language  on input line 286.
 [12]
Package babel Info: Redefining portuges shorthand "|
(babel)             in language  on input line 287.
Package babel Info: Redefining portuges shorthand "|
(babel)             in language  on input line 290.
Package babel Info: Redefining portuges shorthand "|
(babel)             in language  on input line 293.
Package babel Info: Redefining portuges shorthand "|
(babel)             in language  on input line 296.
Package babel Info: Redefining portuges shorthand "|
(babel)             in language  on input line 298.
Package babel Info: Redefining portuges shorthand "|
(babel)             in language  on input line 298.
 [13]
Package babel Info: Redefining portuges shorthand "|
(babel)             in language  on input line 299.
Package babel Info: Redefining portuges shorthand "|
(babel)             in language  on input line 302.
Package babel Info: Redefining portuges shorthand "|
(babel)             in language  on input line 309.
Package babel Info: Redefining portuges shorthand "|
(babel)             in language  on input line 312.
Package babel Info: Redefining portuges shorthand "|
(babel)             in language  on input line 312.
 [14]
Package babel Info: Redefining portuges shorthand "|
(babel)             in language  on input line 313.
Package babel Info: Redefining portuges shorthand "|
(babel)             in language  on input line 316.
Package babel Info: Redefining portuges shorthand "|
(babel)             in language  on input line 319.
Package babel Info: Redefining portuges shorthand "|
(babel)             in language  on input line 322.
Package babel Info: Redefining portuges shorthand "|
(babel)             in language  on input line 322.
 [15]
Package babel Info: Redefining portuges shorthand "|
(babel)             in language  on input line 323.
Package babel Info: Redefining portuges shorthand "|
(babel)             in language  on input line 327.

Underfull \hbox (badness 1478) in paragraph at lines 332--333
[]\T1/cmr/m/n/10 The C Pre-pro-ces-sor (Con-ca-te-na-tion) []$\T1/cmtt/m/n/10 h
ttps : / / gcc . gnu . org /
 []


Underfull \hbox (badness 10000) in paragraph at lines 333--334
\T1/cmtt/m/n/10 arm . com / help / index . jsp ? topic = /com . arm . doc . ddi
0413c /
 []


Underfull \hbox (badness 10000) in paragraph at lines 334--335
\T1/cmtt/m/n/10 arm . com / help / index . jsp ? topic = /com . arm . doc . ddi
0413c /
 []

Package babel Info: Redefining portuges shorthand "|
(babel)             in language  on input line 337.
Package babel Info: Redefining portuges shorthand "|
(babel)             in language  on input line 337.
[16]
Package babel Info: Redefining portuges shorthand "|
(babel)             in language  on input line 337.
Package babel Info: Redefining portuges shorthand "|
(babel)             in language  on input line 340.
Package hyperref Info: bookmark level for unknown lstlisting defaults to 0 on i
nput line 340.
 (../Sources/Buzzer/buzzer_hal.c
Package babel Info: Redefining portuges shorthand "|
(babel)             in language  on input line 39.
Package babel Info: Redefining portuges shorthand "|
(babel)             in language  on input line 39.
 [17]
Package babel Info: Redefining portuges shorthand "|
(babel)             in language  on input line 83.
Package babel Info: Redefining portuges shorthand "|
(babel)             in language  on input line 83.
 [18])
Package babel Info: Redefining portuges shorthand "|
(babel)             in language  on input line 341.
Package babel Info: Redefining portuges shorthand "|
(babel)             in language  on input line 341.
 [19]
Package babel Info: Redefining portuges shorthand "|
(babel)             in language  on input line 341.

(../Sources/Buzzer/buzzer_hal.h
Package babel Info: Redefining portuges shorthand "|
(babel)             in language  on input line 46.
Package babel Info: Redefining portuges shorthand "|
(babel)             in language  on input line 46.
 [20])
Package babel Info: Redefining portuges shorthand "|
(babel)             in language  on input line 342.
Package babel Info: Redefining portuges shorthand "|
(babel)             in language  on input line 342.
 [21]
Package babel Info: Redefining portuges shorthand "|
(babel)             in language  on input line 342.
 (../Sources/Cooler/cooler_hal.c
Package babel Info: Redefining portuges shorthand "|
(babel)             in language  on input line 42.
Package babel Info: Redefining portuges shorthand "|
(babel)             in language  on input line 42.

[22])
Package babel Info: Redefining portuges shorthand "|
(babel)             in language  on input line 343.
Package babel Info: Redefining portuges shorthand "|
(babel)             in language  on input line 343.
 [23]
Package babel Info: Redefining portuges shorthand "|
(babel)             in language  on input line 343.
 (../Sources/Cooler/cooler_hal.h)
Package babel Info: Redefining portuges shorthand "|
(babel)             in language  on input line 344.
Package babel Info: Redefining portuges shorthand "|
(babel)             in language  on input line 344.
 [24]
Package babel Info: Redefining portuges shorthand "|
(babel)             in language  on input line 344.

(../Sources/fsl_debug_console.c
Package babel Info: Redefining portuges shorthand "|
(babel)             in language  on input line 44.
Package babel Info: Redefining portuges shorthand "|
(babel)             in language  on input line 44.
 [25]
Package babel Info: Redefining portuges shorthand "|
(babel)             in language  on input line 88.
Package babel Info: Redefining portuges shorthand "|
(babel)             in language  on input line 88.
 [26]
Package babel Info: Redefining portuges shorthand "|
(babel)             in language  on input line 129.
Package babel Info: Redefining portuges shorthand "|
(babel)             in language  on input line 129.
 [27]
Package babel Info: Redefining portuges shorthand "|
(babel)             in language  on input line 171.
Package babel Info: Redefining portuges shorthand "|
(babel)             in language  on input line 171.
 [28]
Package babel Info: Redefining portuges shorthand "|
(babel)             in language  on input line 211.
Package babel Info: Redefining portuges shorthand "|
(babel)             in language  on input line 211.
 [29]
Package babel Info: Redefining portuges shorthand "|
(babel)             in language  on input line 250.
Package babel Info: Redefining portuges shorthand "|
(babel)             in language  on input line 250.
 [30]
Package babel Info: Redefining portuges shorthand "|
(babel)             in language  on input line 294.
Package babel Info: Redefining portuges shorthand "|
(babel)             in language  on input line 294.
 [31]
Package babel Info: Redefining portuges shorthand "|
(babel)             in language  on input line 337.
Package babel Info: Redefining portuges shorthand "|
(babel)             in language  on input line 337.
 [32]
Package babel Info: Redefining portuges shorthand "|
(babel)             in language  on input line 380.
Package babel Info: Redefining portuges shorthand "|
(babel)             in language  on input line 380.

[33]
Package babel Info: Redefining portuges shorthand "|
(babel)             in language  on input line 424.
Package babel Info: Redefining portuges shorthand "|
(babel)             in language  on input line 424.
 [34]
Package babel Info: Redefining portuges shorthand "|
(babel)             in language  on input line 469.
Package babel Info: Redefining portuges shorthand "|
(babel)             in language  on input line 469.
 [35]
Package babel Info: Redefining portuges shorthand "|
(babel)             in language  on input line 512.
Package babel Info: Redefining portuges shorthand "|
(babel)             in language  on input line 512.
 [36]
Package babel Info: Redefining portuges shorthand "|
(babel)             in language  on input line 557.
Package babel Info: Redefining portuges shorthand "|
(babel)             in language  on input line 557.
 [37])
Package babel Info: Redefining portuges shorthand "|
(babel)             in language  on input line 345.
Package babel Info: Redefining portuges shorthand "|
(babel)             in language  on input line 345.
 [38]
Package babel Info: Redefining portuges shorthand "|
(babel)             in language  on input line 345.
 (../Sources/GPIO/gpio_hal.h
Package babel Info: Redefining portuges shorthand "|
(babel)             in language  on input line 44.
Package babel Info: Redefining portuges shorthand "|
(babel)             in language  on input line 44.
 [39]
Package babel Info: Redefining portuges shorthand "|
(babel)             in language  on input line 88.
Package babel Info: Redefining portuges shorthand "|
(babel)             in language  on input line 88.
 [40])
Package babel Info: Redefining portuges shorthand "|
(babel)             in language  on input line 346.
Package babel Info: Redefining portuges shorthand "|
(babel)             in language  on input line 346.
 [41]
Package babel Info: Redefining portuges shorthand "|
(babel)             in language  on input line 346.

(../Sources/KL25Z/es670_peripheral_board.h
Package babel Info: Redefining portuges shorthand "|
(babel)             in language  on input line 44.
Package babel Info: Redefining portuges shorthand "|
(babel)             in language  on input line 44.
 [42]
Package babel Info: Redefining portuges shorthand "|
(babel)             in language  on input line 77.
Package babel Info: Redefining portuges shorthand "|
(babel)             in language  on input line 77.
 [43]
Package babel Info: Redefining portuges shorthand "|
(babel)             in language  on input line 115.
Package babel Info: Redefining portuges shorthand "|
(babel)             in language  on input line 115.
 [44]
Package babel Info: Redefining portuges shorthand "|
(babel)             in language  on input line 156.
Package babel Info: Redefining portuges shorthand "|
(babel)             in language  on input line 156.
 [45]
Package babel Info: Redefining portuges shorthand "|
(babel)             in language  on input line 197.
Package babel Info: Redefining portuges shorthand "|
(babel)             in language  on input line 197.
 [46])
Package babel Info: Redefining portuges shorthand "|
(babel)             in language  on input line 347.
Package babel Info: Redefining portuges shorthand "|
(babel)             in language  on input line 347.
 [47]
Package babel Info: Redefining portuges shorthand "|
(babel)             in language  on input line 347.

(../Sources/LCD/lcd_hal.c
Package babel Info: Redefining portuges shorthand "|
(babel)             in language  on input line 44.
Package babel Info: Redefining portuges shorthand "|
(babel)             in language  on input line 44.
 [48]
Package babel Info: Redefining portuges shorthand "|
(babel)             in language  on input line 88.
Package babel Info: Redefining portuges shorthand "|
(babel)             in language  on input line 88.
 [49]
Package babel Info: Redefining portuges shorthand "|
(babel)             in language  on input line 132.
Package babel Info: Redefining portuges shorthand "|
(babel)             in language  on input line 132.
 [50]
Package babel Info: Redefining portuges shorthand "|
(babel)             in language  on input line 176.
Package babel Info: Redefining portuges shorthand "|
(babel)             in language  on input line 176.
 [51])
Package babel Info: Redefining portuges shorthand "|
(babel)             in language  on input line 348.
Package babel Info: Redefining portuges shorthand "|
(babel)             in language  on input line 348.
 [52]
Package babel Info: Redefining portuges shorthand "|
(babel)             in language  on input line 348.
 (../Sources/LCD/lcd_hal.h
Package babel Info: Redefining portuges shorthand "|
(babel)             in language  on input line 44.
Package babel Info: Redefining portuges shorthand "|
(babel)             in language  on input line 44.

[53])
Package babel Info: Redefining portuges shorthand "|
(babel)             in language  on input line 349.
Package babel Info: Redefining portuges shorthand "|
(babel)             in language  on input line 349.
 [54]
Package babel Info: Redefining portuges shorthand "|
(babel)             in language  on input line 349.
 (../Sources/LedSwi/ledswi_hal.c
Package babel Info: Redefining portuges shorthand "|
(babel)             in language  on input line 44.
Package babel Info: Redefining portuges shorthand "|
(babel)             in language  on input line 44.
 [55]
Package babel Info: Redefining portuges shorthand "|
(babel)             in language  on input line 84.
Package babel Info: Redefining portuges shorthand "|
(babel)             in language  on input line 84.
 [56]
Package babel Info: Redefining portuges shorthand "|
(babel)             in language  on input line 128.
Package babel Info: Redefining portuges shorthand "|
(babel)             in language  on input line 128.
 [57])
Package babel Info: Redefining portuges shorthand "|
(babel)             in language  on input line 350.
Package babel Info: Redefining portuges shorthand "|
(babel)             in language  on input line 350.
 [58]
Package babel Info: Redefining portuges shorthand "|
(babel)             in language  on input line 350.

(../Sources/LedSwi/ledswi_hal.h
Package babel Info: Redefining portuges shorthand "|
(babel)             in language  on input line 44.
Package babel Info: Redefining portuges shorthand "|
(babel)             in language  on input line 44.
 [59]
Package babel Info: Redefining portuges shorthand "|
(babel)             in language  on input line 88.
Package babel Info: Redefining portuges shorthand "|
(babel)             in language  on input line 88.
 [60])
Package babel Info: Redefining portuges shorthand "|
(babel)             in language  on input line 351.
Package babel Info: Redefining portuges shorthand "|
(babel)             in language  on input line 351.
 [61]
Package babel Info: Redefining portuges shorthand "|
(babel)             in language  on input line 351.
 (../Sources/Main/es670.c
Package babel Info: Redefining portuges shorthand "|
(babel)             in language  on input line 44.
Package babel Info: Redefining portuges shorthand "|
(babel)             in language  on input line 44.

[62]
Package babel Info: Redefining portuges shorthand "|
(babel)             in language  on input line 87.
Package babel Info: Redefining portuges shorthand "|
(babel)             in language  on input line 87.
 [63])
Package babel Info: Redefining portuges shorthand "|
(babel)             in language  on input line 352.
Package babel Info: Redefining portuges shorthand "|
(babel)             in language  on input line 352.
 [64]
Package babel Info: Redefining portuges shorthand "|
(babel)             in language  on input line 352.
 (../Sources/Mcg/mcg_hal.c
Package babel Info: Redefining portuges shorthand "|
(babel)             in language  on input line 44.
Package babel Info: Redefining portuges shorthand "|
(babel)             in language  on input line 44.
 [65]
Package babel Info: Redefining portuges shorthand "|
(babel)             in language  on input line 88.
Package babel Info: Redefining portuges shorthand "|
(babel)             in language  on input line 88.
 [66]
Package babel Info: Redefining portuges shorthand "|
(babel)             in language  on input line 131.
Package babel Info: Redefining portuges shorthand "|
(babel)             in language  on input line 131.
 [67]
Package babel Info: Redefining portuges shorthand "|
(babel)             in language  on input line 172.
Package babel Info: Redefining portuges shorthand "|
(babel)             in language  on input line 172.
 [68]
Package babel Info: Redefining portuges shorthand "|
(babel)             in language  on input line 215.
Package babel Info: Redefining portuges shorthand "|
(babel)             in language  on input line 215.
 [69]
Package babel Info: Redefining portuges shorthand "|
(babel)             in language  on input line 260.
Package babel Info: Redefining portuges shorthand "|
(babel)             in language  on input line 260.
 [70])
Package babel Info: Redefining portuges shorthand "|
(babel)             in language  on input line 353.
Package babel Info: Redefining portuges shorthand "|
(babel)             in language  on input line 353.

[71]
Package babel Info: Redefining portuges shorthand "|
(babel)             in language  on input line 353.
 (../Sources/Mcg/mcg_hal.h)
Package babel Info: Redefining portuges shorthand "|
(babel)             in language  on input line 354.
Package babel Info: Redefining portuges shorthand "|
(babel)             in language  on input line 354.
 [72]
Package babel Info: Redefining portuges shorthand "|
(babel)             in language  on input line 354.
 (../Sources/PIT/pit_hal.c
Package babel Info: Redefining portuges shorthand "|
(babel)             in language  on input line 44.
Package babel Info: Redefining portuges shorthand "|
(babel)             in language  on input line 44.
 [73]
Package babel Info: Redefining portuges shorthand "|
(babel)             in language  on input line 87.
Package babel Info: Redefining portuges shorthand "|
(babel)             in language  on input line 87.
 [74]
Package babel Info: Redefining portuges shorthand "|
(babel)             in language  on input line 131.
Package babel Info: Redefining portuges shorthand "|
(babel)             in language  on input line 131.

[75])
Package babel Info: Redefining portuges shorthand "|
(babel)             in language  on input line 355.
Package babel Info: Redefining portuges shorthand "|
(babel)             in language  on input line 355.
 [76]
Package babel Info: Redefining portuges shorthand "|
(babel)             in language  on input line 355.
 (../Sources/PIT/pit_hal.h
Package babel Info: Redefining portuges shorthand "|
(babel)             in language  on input line 43.
Package babel Info: Redefining portuges shorthand "|
(babel)             in language  on input line 43.
 [77])
Package babel Info: Redefining portuges shorthand "|
(babel)             in language  on input line 356.
Package babel Info: Redefining portuges shorthand "|
(babel)             in language  on input line 356.
 [78]
Package babel Info: Redefining portuges shorthand "|
(babel)             in language  on input line 356.
 (../Sources/print_scan.c
Package babel Info: Redefining portuges shorthand "|
(babel)             in language  on input line 44.
Package babel Info: Redefining portuges shorthand "|
(babel)             in language  on input line 44.

[79]
Package babel Info: Redefining portuges shorthand "|
(babel)             in language  on input line 89.
Package babel Info: Redefining portuges shorthand "|
(babel)             in language  on input line 89.
 [80]
Package babel Info: Redefining portuges shorthand "|
(babel)             in language  on input line 130.
Package babel Info: Redefining portuges shorthand "|
(babel)             in language  on input line 130.
 [81]
Package babel Info: Redefining portuges shorthand "|
(babel)             in language  on input line 173.
Package babel Info: Redefining portuges shorthand "|
(babel)             in language  on input line 173.
 [82]
Package babel Info: Redefining portuges shorthand "|
(babel)             in language  on input line 218.
Package babel Info: Redefining portuges shorthand "|
(babel)             in language  on input line 218.
 [83]
Package babel Info: Redefining portuges shorthand "|
(babel)             in language  on input line 261.
Package babel Info: Redefining portuges shorthand "|
(babel)             in language  on input line 261.
 [84]
Package babel Info: Redefining portuges shorthand "|
(babel)             in language  on input line 305.
Package babel Info: Redefining portuges shorthand "|
(babel)             in language  on input line 305.
 [85]
Package babel Info: Redefining portuges shorthand "|
(babel)             in language  on input line 349.
Package babel Info: Redefining portuges shorthand "|
(babel)             in language  on input line 349.
 [86]
Package babel Info: Redefining portuges shorthand "|
(babel)             in language  on input line 393.
Package babel Info: Redefining portuges shorthand "|
(babel)             in language  on input line 393.
 [87]
Package babel Info: Redefining portuges shorthand "|
(babel)             in language  on input line 435.
Package babel Info: Redefining portuges shorthand "|
(babel)             in language  on input line 435.
 [88]
Package babel Info: Redefining portuges shorthand "|
(babel)             in language  on input line 477.
Package babel Info: Redefining portuges shorthand "|
(babel)             in language  on input line 477.
 [89]
Package babel Info: Redefining portuges shorthand "|
(babel)             in language  on input line 520.
Package babel Info: Redefining portuges shorthand "|
(babel)             in language  on input line 520.
 [90]
Package babel Info: Redefining portuges shorthand "|
(babel)             in language  on input line 562.
Package babel Info: Redefining portuges shorthand "|
(babel)             in language  on input line 562.
 [91]
Package babel Info: Redefining portuges shorthand "|
(babel)             in language  on input line 602.
Package babel Info: Redefining portuges shorthand "|
(babel)             in language  on input line 602.
 [92]
Package babel Info: Redefining portuges shorthand "|
(babel)             in language  on input line 645.
Package babel Info: Redefining portuges shorthand "|
(babel)             in language  on input line 645.
 [93]
Package babel Info: Redefining portuges shorthand "|
(babel)             in language  on input line 688.
Package babel Info: Redefining portuges shorthand "|
(babel)             in language  on input line 688.

[94]
Package babel Info: Redefining portuges shorthand "|
(babel)             in language  on input line 731.
Package babel Info: Redefining portuges shorthand "|
(babel)             in language  on input line 731.
 [95]
Package babel Info: Redefining portuges shorthand "|
(babel)             in language  on input line 774.
Package babel Info: Redefining portuges shorthand "|
(babel)             in language  on input line 774.
 [96]
Package babel Info: Redefining portuges shorthand "|
(babel)             in language  on input line 817.
Package babel Info: Redefining portuges shorthand "|
(babel)             in language  on input line 817.
 [97]
Package babel Info: Redefining portuges shorthand "|
(babel)             in language  on input line 861.
Package babel Info: Redefining portuges shorthand "|
(babel)             in language  on input line 861.
 [98]
Package babel Info: Redefining portuges shorthand "|
(babel)             in language  on input line 905.
Package babel Info: Redefining portuges shorthand "|
(babel)             in language  on input line 905.
 [99]
Package babel Info: Redefining portuges shorthand "|
(babel)             in language  on input line 949.
Package babel Info: Redefining portuges shorthand "|
(babel)             in language  on input line 949.
 [100]
Package babel Info: Redefining portuges shorthand "|
(babel)             in language  on input line 993.
Package babel Info: Redefining portuges shorthand "|
(babel)             in language  on input line 993.
 [101]
Package babel Info: Redefining portuges shorthand "|
(babel)             in language  on input line 1037.
Package babel Info: Redefining portuges shorthand "|
(babel)             in language  on input line 1037.
 [102]
Package babel Info: Redefining portuges shorthand "|
(babel)             in language  on input line 1080.
Package babel Info: Redefining portuges shorthand "|
(babel)             in language  on input line 1080.
 [103]
Package babel Info: Redefining portuges shorthand "|
(babel)             in language  on input line 1123.
Package babel Info: Redefining portuges shorthand "|
(babel)             in language  on input line 1123.
 [104]
Package babel Info: Redefining portuges shorthand "|
(babel)             in language  on input line 1167.
Package babel Info: Redefining portuges shorthand "|
(babel)             in language  on input line 1167.
 [105]
Package babel Info: Redefining portuges shorthand "|
(babel)             in language  on input line 1208.
Package babel Info: Redefining portuges shorthand "|
(babel)             in language  on input line 1208.
 [106]
Package babel Info: Redefining portuges shorthand "|
(babel)             in language  on input line 1246.
Package babel Info: Redefining portuges shorthand "|
(babel)             in language  on input line 1246.

[107]
Package babel Info: Redefining portuges shorthand "|
(babel)             in language  on input line 1290.
Package babel Info: Redefining portuges shorthand "|
(babel)             in language  on input line 1290.
 [108])
Package babel Info: Redefining portuges shorthand "|
(babel)             in language  on input line 357.
Package babel Info: Redefining portuges shorthand "|
(babel)             in language  on input line 357.
 [109]
Package babel Info: Redefining portuges shorthand "|
(babel)             in language  on input line 357.
 (../Sources/print_scan.h
Package babel Info: Redefining portuges shorthand "|
(babel)             in language  on input line 44.
Package babel Info: Redefining portuges shorthand "|
(babel)             in language  on input line 44.
 [110]
Package babel Info: Redefining portuges shorthand "|
(babel)             in language  on input line 88.
Package babel Info: Redefining portuges shorthand "|
(babel)             in language  on input line 88.
 [111])
Package babel Info: Redefining portuges shorthand "|
(babel)             in language  on input line 358.
Package babel Info: Redefining portuges shorthand "|
(babel)             in language  on input line 358.
 [112]
Package babel Info: Redefining portuges shorthand "|
(babel)             in language  on input line 358.

(../Sources/Protocolo/cmdmachine_hal.c
Package babel Info: Redefining portuges shorthand "|
(babel)             in language  on input line 44.
Package babel Info: Redefining portuges shorthand "|
(babel)             in language  on input line 44.
 [113]
Package babel Info: Redefining portuges shorthand "|
(babel)             in language  on input line 88.
Package babel Info: Redefining portuges shorthand "|
(babel)             in language  on input line 88.
 [114]
Package babel Info: Redefining portuges shorthand "|
(babel)             in language  on input line 132.
Package babel Info: Redefining portuges shorthand "|
(babel)             in language  on input line 132.
 [115]
Package babel Info: Redefining portuges shorthand "|
(babel)             in language  on input line 176.
Package babel Info: Redefining portuges shorthand "|
(babel)             in language  on input line 176.
 [116]
Package babel Info: Redefining portuges shorthand "|
(babel)             in language  on input line 220.
Package babel Info: Redefining portuges shorthand "|
(babel)             in language  on input line 220.
 [117]
Package babel Info: Redefining portuges shorthand "|
(babel)             in language  on input line 263.
Package babel Info: Redefining portuges shorthand "|
(babel)             in language  on input line 263.
 [118]
Package babel Info: Redefining portuges shorthand "|
(babel)             in language  on input line 305.
Package babel Info: Redefining portuges shorthand "|
(babel)             in language  on input line 305.

[119]
Package babel Info: Redefining portuges shorthand "|
(babel)             in language  on input line 347.
Package babel Info: Redefining portuges shorthand "|
(babel)             in language  on input line 347.
 [120]
Package babel Info: Redefining portuges shorthand "|
(babel)             in language  on input line 391.
Package babel Info: Redefining portuges shorthand "|
(babel)             in language  on input line 391.
 [121]
Package babel Info: Redefining portuges shorthand "|
(babel)             in language  on input line 435.
Package babel Info: Redefining portuges shorthand "|
(babel)             in language  on input line 435.
 [122])
Package babel Info: Redefining portuges shorthand "|
(babel)             in language  on input line 359.
Package babel Info: Redefining portuges shorthand "|
(babel)             in language  on input line 359.
 [123]
Package babel Info: Redefining portuges shorthand "|
(babel)             in language  on input line 359.
 (../Sources/Protocolo/cmdmachine_hal.h)
Package babel Info: Redefining portuges shorthand "|
(babel)             in language  on input line 360.
Package babel Info: Redefining portuges shorthand "|
(babel)             in language  on input line 360.
 [124]
Package babel Info: Redefining portuges shorthand "|
(babel)             in language  on input line 360.

(../Sources/Serial/serial_hal.c
Package babel Info: Redefining portuges shorthand "|
(babel)             in language  on input line 45.
Package babel Info: Redefining portuges shorthand "|
(babel)             in language  on input line 45.
 [125]
Package babel Info: Redefining portuges shorthand "|
(babel)             in language  on input line 87.
Package babel Info: Redefining portuges shorthand "|
(babel)             in language  on input line 87.
 [126])
Package babel Info: Redefining portuges shorthand "|
(babel)             in language  on input line 361.
Package babel Info: Redefining portuges shorthand "|
(babel)             in language  on input line 361.
 [127]
Package babel Info: Redefining portuges shorthand "|
(babel)             in language  on input line 361.

(../Sources/Serial/serial_hal.h)
Package babel Info: Redefining portuges shorthand "|
(babel)             in language  on input line 362.
Package babel Info: Redefining portuges shorthand "|
(babel)             in language  on input line 362.
 [128]
Package babel Info: Redefining portuges shorthand "|
(babel)             in language  on input line 362.
 (../Sources/SevenSeg/sevenseg_hal.c
Package babel Info: Redefining portuges shorthand "|
(babel)             in language  on input line 41.
Package babel Info: Redefining portuges shorthand "|
(babel)             in language  on input line 41.

[129]
Package babel Info: Redefining portuges shorthand "|
(babel)             in language  on input line 83.
Package babel Info: Redefining portuges shorthand "|
(babel)             in language  on input line 83.
 [130]
Package babel Info: Redefining portuges shorthand "|
(babel)             in language  on input line 124.
Package babel Info: Redefining portuges shorthand "|
(babel)             in language  on input line 124.
 [131]
Package babel Info: Redefining portuges shorthand "|
(babel)             in language  on input line 168.
Package babel Info: Redefining portuges shorthand "|
(babel)             in language  on input line 168.
 [132]
Package babel Info: Redefining portuges shorthand "|
(babel)             in language  on input line 211.
Package babel Info: Redefining portuges shorthand "|
(babel)             in language  on input line 211.
 [133]
Package babel Info: Redefining portuges shorthand "|
(babel)             in language  on input line 255.
Package babel Info: Redefining portuges shorthand "|
(babel)             in language  on input line 255.
 [134])
Package babel Info: Redefining portuges shorthand "|
(babel)             in language  on input line 363.
Package babel Info: Redefining portuges shorthand "|
(babel)             in language  on input line 363.
 [135]
Package babel Info: Redefining portuges shorthand "|
(babel)             in language  on input line 363.
 (../Sources/SevenSeg/sevenseg_hal.h
Package babel Info: Redefining portuges shorthand "|
(babel)             in language  on input line 44.
Package babel Info: Redefining portuges shorthand "|
(babel)             in language  on input line 44.

[136]
Package babel Info: Redefining portuges shorthand "|
(babel)             in language  on input line 86.
Package babel Info: Redefining portuges shorthand "|
(babel)             in language  on input line 86.
 [137])
Package babel Info: Redefining portuges shorthand "|
(babel)             in language  on input line 364.
Package babel Info: Redefining portuges shorthand "|
(babel)             in language  on input line 364.
 [138]
Package babel Info: Redefining portuges shorthand "|
(babel)             in language  on input line 364.
 (../Sources/Tacometro/tacometro_hal.c
Package babel Info: Redefining portuges shorthand "|
(babel)             in language  on input line 43.
Package babel Info: Redefining portuges shorthand "|
(babel)             in language  on input line 43.
 [139])
Package babel Info: Redefining portuges shorthand "|
(babel)             in language  on input line 365.
Package babel Info: Redefining portuges shorthand "|
(babel)             in language  on input line 365.
 [140]
Package babel Info: Redefining portuges shorthand "|
(babel)             in language  on input line 365.

(../Sources/Tacometro/tacometro_hal.h)
Package babel Info: Redefining portuges shorthand "|
(babel)             in language  on input line 366.
Package babel Info: Redefining portuges shorthand "|
(babel)             in language  on input line 366.
 [141]
Package babel Info: Redefining portuges shorthand "|
(babel)             in language  on input line 366.
 (../Sources/Util/tc_hal.c
Package babel Info: Redefining portuges shorthand "|
(babel)             in language  on input line 44.
Package babel Info: Redefining portuges shorthand "|
(babel)             in language  on input line 44.
 [142]
Package babel Info: Redefining portuges shorthand "|
(babel)             in language  on input line 88.
Package babel Info: Redefining portuges shorthand "|
(babel)             in language  on input line 88.

[143])
Package babel Info: Redefining portuges shorthand "|
(babel)             in language  on input line 367.
Package babel Info: Redefining portuges shorthand "|
(babel)             in language  on input line 367.
 [144]
Package babel Info: Redefining portuges shorthand "|
(babel)             in language  on input line 367.
 (../Sources/Util/tc_hal.h)
Package babel Info: Redefining portuges shorthand "|
(babel)             in language  on input line 368.
Package babel Info: Redefining portuges shorthand "|
(babel)             in language  on input line 368.
 [145]
Package babel Info: Redefining portuges shorthand "|
(babel)             in language  on input line 368.
 (../Sources/Util/util.c
Package babel Info: Redefining portuges shorthand "|
(babel)             in language  on input line 45.
Package babel Info: Redefining portuges shorthand "|
(babel)             in language  on input line 45.
 [146]
Package babel Info: Redefining portuges shorthand "|
(babel)             in language  on input line 88.
Package babel Info: Redefining portuges shorthand "|
(babel)             in language  on input line 88.

[147])
Package babel Info: Redefining portuges shorthand "|
(babel)             in language  on input line 369.
Package babel Info: Redefining portuges shorthand "|
(babel)             in language  on input line 369.
 [148]
Package babel Info: Redefining portuges shorthand "|
(babel)             in language  on input line 369.
 (../Sources/Util/util.h)
Package babel Info: Redefining portuges shorthand "|
(babel)             in language  on input line 370.
Package babel Info: Redefining portuges shorthand "|
(babel)             in language  on input line 370.
 [149]
Package atveryend Info: Empty hook `BeforeClearDocument' on input line 370.
Package atveryend Info: Empty hook `AfterLastShipout' on input line 370.
 (./relatorio.aux)
Package atveryend Info: Executing hook `AtVeryEndDocument' on input line 370.
Package atveryend Info: Executing hook `AtEndAfterFileList' on input line 370.
Package rerunfilecheck Info: File `relatorio.out' has not changed.
(rerunfilecheck)             Checksum: CA15751B5DBA15E311FE65B1135723F1;3648.
Package atveryend Info: Empty hook `AtVeryVeryEnd' on input line 370.
 ) 
Here is how much of TeX's memory you used:
 27832 strings out of 494929
 481084 string characters out of 6180142
 786468 words of memory out of 5000000
 25436 multiletter control sequences out of 15000+600000
 22016 words of font info for 54 fonts, out of 8000000 for 9000
 16 hyphenation exceptions out of 8191
 55i,10n,92p,1117b,1988s stack positions out of 5000i,500n,10000p,200000b,80000s
 </home/dello/.texmf-var/fonts/pk/ljfour/jknappen/ec/ectt0800.600pk> </home/d
ello/.texmf-var/fonts/pk/ljfour/jknappen/ec/ecrm0500.600pk> </home/dello/.texmf
-var/fonts/pk/ljfour/jknappen/ec/ectt1000.600pk> </home/dello/.texmf-var/fonts/
pk/ljfour/jknappen/ec/ecbx1200.600pk> </home/dello/.texmf-var/fonts/pk/ljfour/j
knappen/ec/ectt0900.600pk> </home/dello/.texmf-var/fonts/pk/ljfour/jknappen/ec/
ecrm0900.600pk> </home/dello/.texmf-var/fonts/pk/ljfour/jknappen/ec/ecbx0900.60
0pk> </home/dello/.texmf-var/fonts/pk/ljfour/jknappen/ec/ecbx1000.600pk> </home
/dello/.texmf-var/fonts/pk/ljfour/jknappen/ec/ecti1000.600pk> </home/dello/.tex
mf-var/fonts/pk/ljfour/jknappen/ec/ecrm1000.600pk> </home/dello/.texmf-var/font
s/pk/ljfour/jknappen/ec/ecrm1200.600pk> </home/dello/.texmf-var/fonts/pk/ljfour
/jknappen/ec/ecti1200.600pk> </home/dello/.texmf-var/fonts/pk/ljfour/jknappen/e
c/ecbx1440.600pk> </home/dello/.texmf-var/fonts/pk/ljfour/jknappen/ec/ecbx2074.
600pk> </home/dello/.texmf-var/fonts/pk/ljfour/jknappen/ec/eccc1440.600pk> </ho
me/dello/.texmf-var/fonts/pk/ljfour/jknappen/ec/eccc1728.600pk></usr/share/texl
ive/texmf-dist/fonts/type1/public/amsfonts/cm/cmmi10.pfb></usr/share/texlive/te
xmf-dist/fonts/type1/public/amsfonts/cm/cmr10.pfb>
Output written on relatorio.pdf (150 pages, 1189162 bytes).
PDF statistics:
 7683 PDF objects out of 8907 (max. 8388607)
 6871 compressed objects within 69 object streams
 5199 named destinations out of 6186 (max. 500000)
 460 words of extra memory for PDF output out of 10000 (max. 10000000)

